[debug] [2025-01-15T18:19:51.630Z] ----------------------------------------------------------------------
[debug] [2025-01-15T18:19:51.631Z] Command:       /usr/local/bin/node /Users/jlam/lammarktradinginventory/node_modules/.bin/firebase init
[debug] [2025-01-15T18:19:51.631Z] CLI Version:   13.29.1
[debug] [2025-01-15T18:19:51.631Z] Platform:      darwin
[debug] [2025-01-15T18:19:51.632Z] Node Version:  v20.18.0
[debug] [2025-01-15T18:19:51.632Z] Time:          Wed Jan 15 2025 13:19:51 GMT-0500 (Eastern Standard Time)
[debug] [2025-01-15T18:19:51.632Z] ----------------------------------------------------------------------
[debug] 
[debug] [2025-01-15T18:19:51.634Z] > command requires scopes: ["email","openid","https://www.googleapis.com/auth/cloudplatformprojects.readonly","https://www.googleapis.com/auth/firebase","https://www.googleapis.com/auth/cloud-platform"]
[debug] [2025-01-15T18:19:51.634Z] > authorizing via signed-in user (joeulam2005@gmail.com)
[info] 
     ######## #### ########  ######## ########     ###     ######  ########
     ##        ##  ##     ## ##       ##     ##  ##   ##  ##       ##
     ######    ##  ########  ######   ########  #########  ######  ######
     ##        ##  ##    ##  ##       ##     ## ##     ##       ## ##
     ##       #### ##     ## ######## ########  ##     ##  ######  ########

You're about to initialize a Firebase project in this directory:

  /Users/jlam/lammarktradinginventory

[info] 
=== Project Setup
[info] 
[info] First, let's associate this project directory with a Firebase project.
[info] You can create multiple project aliases by running firebase use --add, 
[info] but for now we'll just set up a default project.
[info] 
[debug] [2025-01-15T18:20:17.110Z] Checked if tokens are valid: true, expires at: 1736968402467
[debug] [2025-01-15T18:20:17.110Z] Checked if tokens are valid: true, expires at: 1736968402467
[debug] [2025-01-15T18:20:17.111Z] >>> [apiv2][query] GET https://firebase.googleapis.com/v1beta1/projects pageSize=100
[debug] [2025-01-15T18:20:17.458Z] <<< [apiv2][status] GET https://firebase.googleapis.com/v1beta1/projects 200
[debug] [2025-01-15T18:20:17.459Z] <<< [apiv2][body] GET https://firebase.googleapis.com/v1beta1/projects [omitted]
[info] i  Using project lammarktrading-3513f (lamMarkTrading) 
[info] 
=== Firestore Setup
[debug] [2025-01-15T18:20:18.491Z] Checked if tokens are valid: true, expires at: 1736968402467
[debug] [2025-01-15T18:20:18.491Z] Checked if tokens are valid: true, expires at: 1736968402467
[debug] [2025-01-15T18:20:18.491Z] >>> [apiv2][query] GET https://serviceusage.googleapis.com/v1/projects/lammarktrading-3513f/services/firestore.googleapis.com [none]
[debug] [2025-01-15T18:20:18.491Z] >>> [apiv2][(partial)header] GET https://serviceusage.googleapis.com/v1/projects/lammarktrading-3513f/services/firestore.googleapis.com x-goog-quota-user=projects/lammarktrading-3513f
[debug] [2025-01-15T18:20:19.007Z] <<< [apiv2][status] GET https://serviceusage.googleapis.com/v1/projects/lammarktrading-3513f/services/firestore.googleapis.com 200
[debug] [2025-01-15T18:20:19.007Z] <<< [apiv2][body] GET https://serviceusage.googleapis.com/v1/projects/lammarktrading-3513f/services/firestore.googleapis.com [omitted]
[debug] [2025-01-15T18:20:19.007Z] Checked if tokens are valid: true, expires at: 1736968402467
[debug] [2025-01-15T18:20:19.008Z] Checked if tokens are valid: true, expires at: 1736968402467
[debug] [2025-01-15T18:20:19.008Z] >>> [apiv2][query] GET https://firestore.googleapis.com/v1/projects/lammarktrading-3513f/databases/(default) [none]
[debug] [2025-01-15T18:20:19.402Z] <<< [apiv2][status] GET https://firestore.googleapis.com/v1/projects/lammarktrading-3513f/databases/(default) 200
[debug] [2025-01-15T18:20:19.403Z] <<< [apiv2][body] GET https://firestore.googleapis.com/v1/projects/lammarktrading-3513f/databases/(default) {"name":"projects/lammarktrading-3513f/databases/(default)","uid":"fc7e0170-8014-405c-947e-6cbe0702d4ec","createTime":"2025-01-15T18:18:42.321877Z","updateTime":"2025-01-15T18:18:42.321877Z","locationId":"nam5","type":"FIRESTORE_NATIVE","concurrencyMode":"PESSIMISTIC","versionRetentionPeriod":"3600s","earliestVersionTime":"2025-01-15T18:18:42.321877Z","appEngineIntegrationMode":"DISABLED","keyPrefix":"s","pointInTimeRecoveryEnablement":"POINT_IN_TIME_RECOVERY_DISABLED","deleteProtectionState":"DELETE_PROTECTION_DISABLED","etag":"IIfyjder+IoDMNXb6air+IoD"}
[debug] [2025-01-15T18:20:19.403Z] database_type: FIRESTORE_NATIVE
[debug] [2025-01-15T18:20:19.403Z] database_type: FIRESTORE_NATIVE
[debug] [2025-01-15T18:20:19.404Z] > command requires scopes: ["email","openid","https://www.googleapis.com/auth/cloudplatformprojects.readonly","https://www.googleapis.com/auth/firebase","https://www.googleapis.com/auth/cloud-platform"]
[debug] [2025-01-15T18:20:19.404Z] > authorizing via signed-in user (joeulam2005@gmail.com)
[debug] [2025-01-15T18:20:19.404Z] [iam] checking project lammarktrading-3513f for permissions ["firebase.projects.get"]
[debug] [2025-01-15T18:20:19.404Z] Checked if tokens are valid: true, expires at: 1736968402467
[debug] [2025-01-15T18:20:19.404Z] Checked if tokens are valid: true, expires at: 1736968402467
[debug] [2025-01-15T18:20:19.404Z] >>> [apiv2][query] POST https://cloudresourcemanager.googleapis.com/v1/projects/lammarktrading-3513f:testIamPermissions [none]
[debug] [2025-01-15T18:20:19.405Z] >>> [apiv2][(partial)header] POST https://cloudresourcemanager.googleapis.com/v1/projects/lammarktrading-3513f:testIamPermissions x-goog-quota-user=projects/lammarktrading-3513f
[debug] [2025-01-15T18:20:19.405Z] >>> [apiv2][body] POST https://cloudresourcemanager.googleapis.com/v1/projects/lammarktrading-3513f:testIamPermissions {"permissions":["firebase.projects.get"]}
[debug] [2025-01-15T18:20:19.650Z] <<< [apiv2][status] POST https://cloudresourcemanager.googleapis.com/v1/projects/lammarktrading-3513f:testIamPermissions 200
[debug] [2025-01-15T18:20:19.650Z] <<< [apiv2][body] POST https://cloudresourcemanager.googleapis.com/v1/projects/lammarktrading-3513f:testIamPermissions {"permissions":["firebase.projects.get"]}
[info] 
[info] Firestore Security Rules allow you to define how and when to allow
[info] requests. You can keep these rules in your project directory
[info] and publish them with firebase deploy.
[info] 
[debug] [2025-01-15T18:20:22.388Z] Checked if tokens are valid: true, expires at: 1736968402467
[debug] [2025-01-15T18:20:22.388Z] Checked if tokens are valid: true, expires at: 1736968402467
[debug] [2025-01-15T18:20:22.388Z] >>> [apiv2][query] GET https://firebaserules.googleapis.com/v1/projects/lammarktrading-3513f/releases pageSize=10&pageToken=
[debug] [2025-01-15T18:20:22.639Z] <<< [apiv2][status] GET https://firebaserules.googleapis.com/v1/projects/lammarktrading-3513f/releases 200
[debug] [2025-01-15T18:20:22.639Z] <<< [apiv2][body] GET https://firebaserules.googleapis.com/v1/projects/lammarktrading-3513f/releases {"releases":[{"name":"projects/lammarktrading-3513f/releases/cloud.firestore","rulesetName":"projects/lammarktrading-3513f/rulesets/59066fe7-ebb6-4510-a782-7863b9156cdc","createTime":"2025-01-15T18:18:46.747918Z","updateTime":"2025-01-15T18:18:46.747918Z"}]}
[debug] [2025-01-15T18:20:22.640Z] Found ruleset: projects/lammarktrading-3513f/rulesets/59066fe7-ebb6-4510-a782-7863b9156cdc
[debug] [2025-01-15T18:20:22.640Z] Checked if tokens are valid: true, expires at: 1736968402467
[debug] [2025-01-15T18:20:22.640Z] Checked if tokens are valid: true, expires at: 1736968402467
[debug] [2025-01-15T18:20:22.640Z] >>> [apiv2][query] GET https://firebaserules.googleapis.com/v1/projects/lammarktrading-3513f/rulesets/59066fe7-ebb6-4510-a782-7863b9156cdc [none]
[debug] [2025-01-15T18:20:22.806Z] <<< [apiv2][status] GET https://firebaserules.googleapis.com/v1/projects/lammarktrading-3513f/rulesets/59066fe7-ebb6-4510-a782-7863b9156cdc 200
[debug] [2025-01-15T18:20:22.807Z] <<< [apiv2][body] GET https://firebaserules.googleapis.com/v1/projects/lammarktrading-3513f/rulesets/59066fe7-ebb6-4510-a782-7863b9156cdc [omitted]
[info] 
[info] Firestore indexes allow you to perform complex queries while
[info] maintaining performance that scales with the size of the result
[info] set. You can keep index definitions in your project directory
[info] and publish them with firebase deploy.
[info] 
[debug] [2025-01-15T18:20:23.967Z] Checked if tokens are valid: true, expires at: 1736968402467
[debug] [2025-01-15T18:20:23.968Z] Checked if tokens are valid: true, expires at: 1736968402467
[debug] [2025-01-15T18:20:23.968Z] Checked if tokens are valid: true, expires at: 1736968402467
[debug] [2025-01-15T18:20:23.968Z] Checked if tokens are valid: true, expires at: 1736968402467
[debug] [2025-01-15T18:20:23.968Z] >>> [apiv2][query] GET https://firestore.googleapis.com/v1/projects/lammarktrading-3513f/databases/(default)/collectionGroups/-/indexes [none]
[debug] [2025-01-15T18:20:23.969Z] >>> [apiv2][query] GET https://firestore.googleapis.com/v1/projects/lammarktrading-3513f/databases/(default)/collectionGroups/-/fields?filter=indexConfig.usesAncestorConfig=false OR ttlConfig:* [none]
[debug] [2025-01-15T18:20:24.104Z] <<< [apiv2][status] GET https://firestore.googleapis.com/v1/projects/lammarktrading-3513f/databases/(default)/collectionGroups/-/indexes 200
[debug] [2025-01-15T18:20:24.104Z] <<< [apiv2][body] GET https://firestore.googleapis.com/v1/projects/lammarktrading-3513f/databases/(default)/collectionGroups/-/indexes {}
[debug] [2025-01-15T18:20:24.579Z] <<< [apiv2][status] GET https://firestore.googleapis.com/v1/projects/lammarktrading-3513f/databases/(default)/collectionGroups/-/fields?filter=indexConfig.usesAncestorConfig=false OR ttlConfig:* 200
[debug] [2025-01-15T18:20:24.580Z] <<< [apiv2][body] GET https://firestore.googleapis.com/v1/projects/lammarktrading-3513f/databases/(default)/collectionGroups/-/fields?filter=indexConfig.usesAncestorConfig=false OR ttlConfig:* {"fields":[{"name":"projects/lammarktrading-3513f/databases/(default)/collectionGroups/__default__/fields/*","indexConfig":{"indexes":[{"queryScope":"COLLECTION","fields":[{"fieldPath":"*","order":"ASCENDING"}],"state":"READY"},{"queryScope":"COLLECTION","fields":[{"fieldPath":"*","order":"DESCENDING"}],"state":"READY"},{"queryScope":"COLLECTION","fields":[{"fieldPath":"*","arrayConfig":"CONTAINS"}],"state":"READY"}]}}]}
[info] 
=== Hosting Setup
[debug] [2025-01-15T18:20:24.581Z] Checked if tokens are valid: true, expires at: 1736968402467
[debug] [2025-01-15T18:20:24.581Z] Checked if tokens are valid: true, expires at: 1736968402467
[debug] [2025-01-15T18:20:24.582Z] >>> [apiv2][query] GET https://firebase.googleapis.com/v1beta1/projects/lammarktrading-3513f [none]
[debug] [2025-01-15T18:20:24.955Z] <<< [apiv2][status] GET https://firebase.googleapis.com/v1beta1/projects/lammarktrading-3513f 200
[debug] [2025-01-15T18:20:24.956Z] <<< [apiv2][body] GET https://firebase.googleapis.com/v1beta1/projects/lammarktrading-3513f {"projectId":"lammarktrading-3513f","projectNumber":"466560423472","displayName":"lamMarkTrading","name":"projects/lammarktrading-3513f","resources":{"hostingSite":"lammarktrading-3513f"},"state":"ACTIVE","etag":"1_9af4d381-16a9-4625-8a13-0ad11aa494e1"}
[info] 
[info] Your public directory is the folder (relative to your project directory) that
[info] will contain Hosting assets to be uploaded with firebase deploy. If you
[info] have a build process for your assets, use your build's output directory.
[info] 
[info] ✔  Wrote public/404.html 
[debug] [2025-01-15T18:21:04.755Z] >>> [apiv2][query] GET https://www.gstatic.com/firebasejs/releases.json [none]
[debug] [2025-01-15T18:21:04.844Z] <<< [apiv2][status] GET https://www.gstatic.com/firebasejs/releases.json 200
[debug] [2025-01-15T18:21:04.845Z] <<< [apiv2][body] GET https://www.gstatic.com/firebasejs/releases.json {"current":{"version":"11.1.0","browserURL":"https://www.gstatic.com/firebasejs/11.1.0/firebase.js","packageURL":"https://www.gstatic.com/firebasejs/11.1.0/firebase.tgz"},"live":{"version":"11.1","browserURL":"https://www.gstatic.com/firebasejs/live/11.1/firebase.js","packageURL":"https://www.gstatic.com/firebasejs/live/11.1/firebase.tgz"},"components":{"analytics":"https://www.gstatic.com/firebasejs/11.1.0/firebase-analytics.js","app":"https://www.gstatic.com/firebasejs/11.1.0/firebase-app.js","app-check":"https://www.gstatic.com/firebasejs/11.1.0/firebase-app-check.js","auth":"https://www.gstatic.com/firebasejs/11.1.0/firebase-auth.js","auth/cordova":"https://www.gstatic.com/firebasejs/11.1.0/firebase-auth/cordova.js","auth/web-extension":"https://www.gstatic.com/firebasejs/11.1.0/firebase-auth/web-extension.js","functions":"https://www.gstatic.com/firebasejs/11.1.0/firebase-functions.js","firestore":"https://www.gstatic.com/firebasejs/11.1.0/firebase-firestore.js","firestore/lite":"https://www.gstatic.com/firebasejs/11.1.0/firebase-firestore/lite.js","installations":"https://www.gstatic.com/firebasejs/11.1.0/firebase-installations.js","storage":"https://www.gstatic.com/firebasejs/11.1.0/firebase-storage.js","performance":"https://www.gstatic.com/firebasejs/11.1.0/firebase-performance.js","remote-config":"https://www.gstatic.com/firebasejs/11.1.0/firebase-remote-config.js","messaging":"https://www.gstatic.com/firebasejs/11.1.0/firebase-messaging.js","messaging/sw":"https://www.gstatic.com/firebasejs/11.1.0/firebase-messaging/sw.js","database":"https://www.gstatic.com/firebasejs/11.1.0/firebase-database.js","vertexai":"https://www.gstatic.com/firebasejs/11.1.0/firebase-vertexai.js","data-connect":"https://www.gstatic.com/firebasejs/11.1.0/firebase-data-connect.js","firestore.memory":"https://www.gstatic.com/firebasejs/11.1.0/firebase-firestore.memory.js"}}
[info] ✔  Wrote public/index.html 
[info] 
[info] i  Detected a .git folder at /Users/jlam/lammarktradinginventory 
[info] i  Authorizing with GitHub to upload your service account to a GitHub repository's secrets store. 
[info] 
[info] Visit this URL on this device to log in:
[info] https://github.com/login/oauth/authorize?client_id=89cf50f02ac6aaed3484&state=274274890&redirect_uri=http%3A%2F%2Flocalhost%3A9005&scope=read%3Auser%20repo%20public_repo
[info] 
[info] Waiting for authentication...
[debug] [2025-01-15T18:21:32.432Z] >>> [apiv2][query] POST https://github.com/login/oauth/access_token [none]
[debug] [2025-01-15T18:21:32.433Z] >>> [apiv2][body] POST https://github.com/login/oauth/access_token [stream]
[debug] [2025-01-15T18:21:32.692Z] <<< [apiv2][status] POST https://github.com/login/oauth/access_token 200
[debug] [2025-01-15T18:21:32.693Z] <<< [apiv2][body] POST https://github.com/login/oauth/access_token {"access_token":"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","token_type":"bearer","scope":"read:user,repo"}
[debug] [2025-01-15T18:21:32.709Z] >>> [apiv2][query] GET https://api.github.com/user [none]
[debug] [2025-01-15T18:21:32.955Z] <<< [apiv2][status] GET https://api.github.com/user 200
[debug] [2025-01-15T18:21:32.955Z] <<< [apiv2][body] GET https://api.github.com/user {"login":"joeulam","id":56980755,"node_id":"MDQ6VXNlcjU2OTgwNzU1","avatar_url":"https://avatars.githubusercontent.com/u/56980755?v=4","gravatar_id":"","url":"https://api.github.com/users/joeulam","html_url":"https://github.com/joeulam","followers_url":"https://api.github.com/users/joeulam/followers","following_url":"https://api.github.com/users/joeulam/following{/other_user}","gists_url":"https://api.github.com/users/joeulam/gists{/gist_id}","starred_url":"https://api.github.com/users/joeulam/starred{/owner}{/repo}","subscriptions_url":"https://api.github.com/users/joeulam/subscriptions","organizations_url":"https://api.github.com/users/joeulam/orgs","repos_url":"https://api.github.com/users/joeulam/repos","events_url":"https://api.github.com/users/joeulam/events{/privacy}","received_events_url":"https://api.github.com/users/joeulam/received_events","type":"User","user_view_type":"private","site_admin":false,"name":"Joey Lam","company":null,"blog":"https://joeyresume.vercel.app/","location":null,"email":null,"hireable":null,"bio":"Hey welcome to my github :D\r\n","twitter_username":null,"notification_email":null,"public_repos":22,"public_gists":0,"followers":3,"following":2,"created_at":"2019-10-24T20:56:11Z","updated_at":"2025-01-12T00:10:00Z","private_gists":0,"total_private_repos":5,"owned_private_repos":5,"disk_usage":432504,"collaborators":1,"two_factor_authentication":true,"plan":{"name":"pro","space":976562499,"collaborators":0,"private_repos":9999}}
[info] 
[info] ✔  Success! Logged into GitHub as joeulam 
[info] 
